BLASTP 2.9.0+


Reference: Stephen F. Altschul, Thomas L. Madden, Alejandro A.
Schaffer, Jinghui Zhang, Zheng Zhang, Webb Miller, and David J.
Lipman (1997), "Gapped BLAST and PSI-BLAST: a new generation of
protein database search programs", Nucleic Acids Res. 25:3389-3402.


Reference for composition-based statistics: Alejandro A. Schaffer,
L. Aravind, Thomas L. Madden, Sergei Shavirin, John L. Spouge, Yuri
I. Wolf, Eugene V. Koonin, and Stephen F. Altschul (2001),
"Improving the accuracy of PSI-BLAST protein database searches with
composition-based statistics and other refinements", Nucleic Acids
Res. 29:2994-3005.



Database: Tardigrades proteins
           16,435 sequences; 7,015,168 total letters



Query= pept_1_score_48

Length=9
                                                                      Score        E
Sequences producing significant alignments:                          (Bits)     Value

g5641.t1 unnamed protein product                                      21.6       2.0  
g15153.t1 unnamed protein product                                     21.6       2.1  


>g5641.t1 unnamed protein product
Length=192

 Score = 21.6 bits (44),  Expect = 2.0, Method: Composition-based stats.
 Identities = 9/9 (100%), Positives = 9/9 (100%), Gaps = 0/9 (0%)

Query  1   VFSALDVLR  9
           VFSALDVLR
Sbjct  25  VFSALDVLR  33


>g15153.t1 unnamed protein product
Length=177

 Score = 21.6 bits (44),  Expect = 2.1, Method: Composition-based stats.
 Identities = 9/9 (100%), Positives = 9/9 (100%), Gaps = 0/9 (0%)

Query  1   VFSALDVLR  9
           VFSALDVLR
Sbjct  25  VFSALDVLR  33



Lambda      K        H        a         alpha
   0.341    0.150    0.391    0.792     4.96 

Gapped
Lambda      K        H        a         alpha    sigma
   0.267   0.0410    0.140     1.90     42.6     43.6 

Effective search space used: 63136512


Query= pept_2_score_65

Length=9
                                                                      Score        E
Sequences producing significant alignments:                          (Bits)     Value

g5641.t1 unnamed protein product                                      21.9       1.5  
g12562.t1 unnamed protein product                                     20.8       3.3  
g5616.t1 unnamed protein product                                      20.0       6.7  
g15153.t1 unnamed protein product                                     20.0       7.5  


>g5641.t1 unnamed protein product
Length=192

 Score = 21.9 bits (45),  Expect = 1.5, Method: Composition-based stats.
 Identities = 9/9 (100%), Positives = 9/9 (100%), Gaps = 0/9 (0%)

Query  1   SPLQTDEIR  9
           SPLQTDEIR
Sbjct  36  SPLQTDEIR  44


>g12562.t1 unnamed protein product
Length=200

 Score = 20.8 bits (42),  Expect = 3.3, Method: Composition-based stats.
 Identities = 8/9 (89%), Positives = 9/9 (100%), Gaps = 0/9 (0%)

Query  1   SPLQTDEIR  9
           SPLQTDEI+
Sbjct  36  SPLQTDEIQ  44


>g5616.t1 unnamed protein product
Length=202

 Score = 20.0 bits (40),  Expect = 6.7, Method: Composition-based stats.
 Identities = 8/9 (89%), Positives = 9/9 (100%), Gaps = 0/9 (0%)

Query  1   SPLQTDEIR  9
           SPLQTDEI+
Sbjct  36  SPLQTDEIQ  44


>g15153.t1 unnamed protein product
Length=177

 Score = 20.0 bits (40),  Expect = 7.5, Method: Composition-based stats.
 Identities = 7/9 (78%), Positives = 9/9 (100%), Gaps = 0/9 (0%)

Query  1   SPLQTDEIR  9
           +PLQTD+IR
Sbjct  36  TPLQTDQIR  44



Lambda      K        H        a         alpha
   0.308    0.129    0.344    0.792     4.96 

Gapped
Lambda      K        H        a         alpha    sigma
   0.267   0.0410    0.140     1.90     42.6     43.6 

Effective search space used: 63136512


Query= pept_3_score_54

Length=13
                                                                      Score        E
Sequences producing significant alignments:                          (Bits)     Value

g5641.t1 unnamed protein product                                      24.6       0.26 


>g5641.t1 unnamed protein product
Length=192

 Score = 24.6 bits (52),  Expect = 0.26, Method: Composition-based stats.
 Identities = 13/13 (100%), Positives = 13/13 (100%), Gaps = 0/13 (0%)

Query  1    AATGAVLSSADSR  13
            AATGAVLSSADSR
Sbjct  155  AATGAVLSSADSR  167



Lambda      K        H        a         alpha
   0.300    0.107    0.251    0.792     4.96 

Gapped
Lambda      K        H        a         alpha    sigma
   0.267   0.0410    0.140     1.90     42.6     43.6 

Effective search space used: 91197184


Query= pept_4_score_39

Length=11
                                                                      Score        E
Sequences producing significant alignments:                          (Bits)     Value

g5641.t1 unnamed protein product                                      26.2       0.053
g12562.t1 unnamed protein product                                     21.9       1.6  
g5616.t1 unnamed protein product                                      21.2       3.1  
g702.t1 unnamed protein product                                       21.2       3.7  
g15153.t1 unnamed protein product                                     20.4       5.4  


>g5641.t1 unnamed protein product
Length=192

 Score = 26.2 bits (56),  Expect = 0.053, Method: Composition-based stats.
 Identities = 11/11 (100%), Positives = 11/11 (100%), Gaps = 0/11 (0%)

Query  1    LLDDENDYELK  11
            LLDDENDYELK
Sbjct  144  LLDDENDYELK  154


>g12562.t1 unnamed protein product
Length=200

 Score = 21.9 bits (45),  Expect = 1.6, Method: Composition-based stats.
 Identities = 8/11 (73%), Positives = 11/11 (100%), Gaps = 0/11 (0%)

Query  1    LLDDENDYELK  11
            LLD+++DYELK
Sbjct  144  LLDNQDDYELK  154


>g5616.t1 unnamed protein product
Length=202

 Score = 21.2 bits (43),  Expect = 3.1, Method: Composition-based stats.
 Identities = 8/11 (73%), Positives = 11/11 (100%), Gaps = 0/11 (0%)

Query  1    LLDDENDYELK  11
            LLD+++DYELK
Sbjct  144  LLDNQDDYELK  154


>g702.t1 unnamed protein product
Length=215

 Score = 21.2 bits (43),  Expect = 3.7, Method: Composition-based stats.
 Identities = 7/11 (64%), Positives = 11/11 (100%), Gaps = 0/11 (0%)

Query  1    LLDDENDYELK  11
            LLDD+ND+E++
Sbjct  145  LLDDQNDFEVR  155


>g15153.t1 unnamed protein product
Length=177

 Score = 20.4 bits (41),  Expect = 5.4, Method: Composition-based stats.
 Identities = 7/11 (64%), Positives = 11/11 (100%), Gaps = 0/11 (0%)

Query  1    LLDDENDYELK  11
            LLD+++DYEL+
Sbjct  144  LLDNQDDYELQ  154



Lambda      K        H        a         alpha
   0.306    0.140    0.377    0.792     4.96 

Gapped
Lambda      K        H        a         alpha    sigma
   0.267   0.0410    0.140     1.90     42.6     43.6 

Effective search space used: 77166848


Query= pept_5_score_59

Length=15
                                                                      Score        E
Sequences producing significant alignments:                          (Bits)     Value

g13530.t1 unnamed protein product                                     30.8       0.002


>g13530.t1 unnamed protein product
Length=931

 Score = 30.8 bits (68),  Expect = 0.002, Method: Compositional matrix adjust.
 Identities = 15/15 (100%), Positives = 15/15 (100%), Gaps = 0/15 (0%)

Query  1    VTGSSQGAINQQQAK  15
            VTGSSQGAINQQQAK
Sbjct  224  VTGSSQGAINQQQAK  238



Lambda      K        H        a         alpha
   0.295    0.109    0.264    0.792     4.96 

Gapped
Lambda      K        H        a         alpha    sigma
   0.267   0.0410    0.140     1.90     42.6     43.6 

Effective search space used: 105227520


Query= pept_6_score_84

Length=15
                                                                      Score        E
Sequences producing significant alignments:                          (Bits)     Value

g13530.t1 unnamed protein product                                     32.0       6e-04


>g13530.t1 unnamed protein product
Length=931

 Score = 32.0 bits (71),  Expect = 6e-04, Method: Compositional matrix adjust.
 Identities = 15/15 (100%), Positives = 15/15 (100%), Gaps = 0/15 (0%)

Query  1    VTGSSAQQIDINQAR  15
            VTGSSAQQIDINQAR
Sbjct  88   VTGSSAQQIDINQAR  102



Lambda      K        H        a         alpha
   0.306    0.117    0.287    0.792     4.96 

Gapped
Lambda      K        H        a         alpha    sigma
   0.267   0.0410    0.140     1.90     42.6     43.6 

Effective search space used: 105227520


Query= pept_7_score_84

Length=16
                                                                      Score        E
Sequences producing significant alignments:                          (Bits)     Value

g14472.t1 unnamed protein product                                     30.8       0.002


>g14472.t1 unnamed protein product
Length=445

 Score = 30.8 bits (68),  Expect = 0.002, Method: Compositional matrix adjust.
 Identities = 16/16 (100%), Positives = 16/16 (100%), Gaps = 0/16 (0%)

Query  1    LTSSGTGAGSAPAAAK  16
            LTSSGTGAGSAPAAAK
Sbjct  368  LTSSGTGAGSAPAAAK  383



Lambda      K        H        a         alpha
   0.293    0.108    0.278    0.792     4.96 

Gapped
Lambda      K        H        a         alpha    sigma
   0.267   0.0410    0.140     1.90     42.6     43.6 

Effective search space used: 112242688


Query= pept_8_score_81

Length=18
                                                                      Score        E
Sequences producing significant alignments:                          (Bits)     Value

g4106.t1 unnamed protein product                                      39.3       2e-06
g7861.t1 unnamed protein product                                      23.5       0.65 
g4970.t1 unnamed protein product                                      20.4       8.8  


>g4106.t1 unnamed protein product
Length=642

 Score = 39.3 bits (90),  Expect = 2e-06, Method: Compositional matrix adjust.
 Identities = 18/18 (100%), Positives = 18/18 (100%), Gaps = 0/18 (0%)

Query  1    NIPVGGVNTEATGDNYIR  18
            NIPVGGVNTEATGDNYIR
Sbjct  222  NIPVGGVNTEATGDNYIR  239


>g7861.t1 unnamed protein product
Length=619

 Score = 23.5 bits (49),  Expect = 0.65, Method: Composition-based stats.
 Identities = 10/16 (63%), Positives = 11/16 (69%), Gaps = 0/16 (0%)

Query  1   NIPVGGVNTEATGDNY  16
           NIP GGV+T    DNY
Sbjct  64  NIPNGGVHTPNPFDNY  79


>g4970.t1 unnamed protein product
Length=901

 Score = 20.4 bits (41),  Expect = 8.8, Method: Composition-based stats.
 Identities = 8/14 (57%), Positives = 9/14 (64%), Gaps = 0/14 (0%)

Query  5    GGVNTEATGDNYIR  18
            G VNT+ T  NY R
Sbjct  134  GNVNTQPTAMNYYR  147



Lambda      K        H        a         alpha
   0.310    0.137    0.402    0.792     4.96 

Gapped
Lambda      K        H        a         alpha    sigma
   0.267   0.0410    0.140     1.90     42.6     43.6 

Effective search space used: 126273024


Query= pept_9_score_81

Length=15
                                                                      Score        E
Sequences producing significant alignments:                          (Bits)     Value

g10513.t1 unnamed protein product                                     30.0       0.003
g11806.t1 unnamed protein product                                     21.2       3.9  
g16318.t1 unnamed protein product                                     21.2       4.9  
g16368.t1 unnamed protein product                                     20.8       5.2  


>g10513.t1 unnamed protein product
Length=344

 Score = 30.0 bits (66),  Expect = 0.003, Method: Compositional matrix adjust.
 Identities = 15/15 (100%), Positives = 15/15 (100%), Gaps = 0/15 (0%)

Query  1    QGGMGMSGGMGGADR  15
            QGGMGMSGGMGGADR
Sbjct  305  QGGMGMSGGMGGADR  319


>g11806.t1 unnamed protein product
Length=201

 Score = 21.2 bits (43),  Expect = 3.9, Method: Compositional matrix adjust.
 Identities = 10/15 (67%), Positives = 12/15 (80%), Gaps = 0/15 (0%)

Query  1    QGGMGMSGGMGGADR  15
            QGGMGM   +GG+DR
Sbjct  152  QGGMGMPDFVGGSDR  166


>g16318.t1 unnamed protein product
Length=264

 Score = 21.2 bits (43),  Expect = 4.9, Method: Compositional matrix adjust.
 Identities = 10/15 (67%), Positives = 12/15 (80%), Gaps = 0/15 (0%)

Query  1    QGGMGMSGGMGGADR  15
            QGGMGM   +GG+DR
Sbjct  224  QGGMGMPDFVGGSDR  238


>g16368.t1 unnamed protein product
Length=244

 Score = 20.8 bits (42),  Expect = 5.2, Method: Compositional matrix adjust.
 Identities = 10/15 (67%), Positives = 12/15 (80%), Gaps = 0/15 (0%)

Query  1    QGGMGMSGGMGGADR  15
            QGGMGM   +GG+DR
Sbjct  204  QGGMGMPDFVGGSDR  218



Lambda      K        H        a         alpha
   0.313    0.141    0.431    0.792     4.96 

Gapped
Lambda      K        H        a         alpha    sigma
   0.267   0.0410    0.140     1.90     42.6     43.6 

Effective search space used: 105227520


Query= pept_10_score_56

Length=11
                                                                      Score        E
Sequences producing significant alignments:                          (Bits)     Value

g3428.t1 unnamed protein product                                      26.2       0.055
g11513.t1 unnamed protein product                                     20.0       8.3  


>g3428.t1 unnamed protein product
Length=171

 Score = 26.2 bits (56),  Expect = 0.055, Method: Compositional matrix adjust.
 Identities = 11/11 (100%), Positives = 11/11 (100%), Gaps = 0/11 (0%)

Query  1    GPEDEAGGPPK  11
            GPEDEAGGPPK
Sbjct  160  GPEDEAGGPPK  170


>g11513.t1 unnamed protein product
Length=1099

 Score = 20.0 bits (40),  Expect = 8.3, Method: Composition-based stats.
 Identities = 7/8 (88%), Positives = 7/8 (88%), Gaps = 0/8 (0%)

Query  2    PEDEAGGP  9
            PED AGGP
Sbjct  872  PEDPAGGP  879



Lambda      K        H        a         alpha
   0.296    0.142    0.448    0.792     4.96 

Gapped
Lambda      K        H        a         alpha    sigma
   0.267   0.0410    0.140     1.90     42.6     43.6 

Effective search space used: 77166848


Query= pept_11_score_48

Length=11
                                                                      Score        E
Sequences producing significant alignments:                          (Bits)     Value

g3428.t1 unnamed protein product                                      25.4       0.11 


>g3428.t1 unnamed protein product
Length=171

 Score = 25.4 bits (54),  Expect = 0.11, Method: Compositional matrix adjust.
 Identities = 11/11 (100%), Positives = 11/11 (100%), Gaps = 0/11 (0%)

Query  1    LTDDELNQAMK  11
            LTDDELNQAMK
Sbjct  129  LTDDELNQAMK  139



Lambda      K        H        a         alpha
   0.305    0.122    0.306    0.792     4.96 

Gapped
Lambda      K        H        a         alpha    sigma
   0.267   0.0410    0.140     1.90     42.6     43.6 

Effective search space used: 77166848


Query= pept_12_score_44

Length=12
                                                                      Score        E
Sequences producing significant alignments:                          (Bits)     Value

g5616.t1 unnamed protein product                                      23.9       0.42 


>g5616.t1 unnamed protein product
Length=202

 Score = 23.9 bits (50),  Expect = 0.42, Method: Compositional matrix adjust.
 Identities = 12/12 (100%), Positives = 12/12 (100%), Gaps = 0/12 (0%)

Query  1    AATGAVQSSASK  12
            AATGAVQSSASK
Sbjct  155  AATGAVQSSASK  166



Lambda      K        H        a         alpha
   0.284   0.0912    0.199    0.792     4.96 

Gapped
Lambda      K        H        a         alpha    sigma
   0.267   0.0410    0.140     1.90     42.6     43.6 

Effective search space used: 84182016


Query= pept_13_score_48

Length=12
                                                                      Score        E
Sequences producing significant alignments:                          (Bits)     Value

g5616.t1 unnamed protein product                                      27.3       0.026
g12562.t1 unnamed protein product                                     26.6       0.052
g5443.t1 unnamed protein product                                      25.8       0.094
g5502.t1 unnamed protein product                                      25.0       0.14 
g15153.t1 unnamed protein product                                     24.6       0.21 
g5503.t1 unnamed protein product                                      24.3       0.28 
g5467.t1 unnamed protein product                                      22.3       1.3  
g5641.t1 unnamed protein product                                      21.6       3.0  


>g5616.t1 unnamed protein product
Length=202

 Score = 27.3 bits (59),  Expect = 0.026, Method: Composition-based stats.
 Identities = 12/12 (100%), Positives = 12/12 (100%), Gaps = 0/12 (0%)

Query  1    VLLDNQDDYELK  12
            VLLDNQDDYELK
Sbjct  143  VLLDNQDDYELK  154


>g12562.t1 unnamed protein product
Length=200

 Score = 26.6 bits (57),  Expect = 0.052, Method: Composition-based stats.
 Identities = 11/11 (100%), Positives = 11/11 (100%), Gaps = 0/11 (0%)

Query  2    LLDNQDDYELK  12
            LLDNQDDYELK
Sbjct  144  LLDNQDDYELK  154


>g5443.t1 unnamed protein product
Length=120

 Score = 25.8 bits (55),  Expect = 0.094, Method: Compositional matrix adjust.
 Identities = 11/12 (92%), Positives = 12/12 (100%), Gaps = 0/12 (0%)

Query  1   VLLDNQDDYELK  12
           VLLDNQDDYEL+
Sbjct  56  VLLDNQDDYELQ  67


>g5502.t1 unnamed protein product
Length=244

 Score = 25.0 bits (53),  Expect = 0.14, Method: Composition-based stats.
 Identities = 11/12 (92%), Positives = 12/12 (100%), Gaps = 0/12 (0%)

Query  1    VLLDNQDDYELK  12
            VLLDNQDDYEL+
Sbjct  151  VLLDNQDDYELQ  162


>g15153.t1 unnamed protein product
Length=177

 Score = 24.6 bits (52),  Expect = 0.21, Method: Composition-based stats.
 Identities = 10/11 (91%), Positives = 11/11 (100%), Gaps = 0/11 (0%)

Query  2    LLDNQDDYELK  12
            LLDNQDDYEL+
Sbjct  144  LLDNQDDYELQ  154


>g5503.t1 unnamed protein product
Length=215

 Score = 24.3 bits (51),  Expect = 0.28, Method: Composition-based stats.
 Identities = 11/12 (92%), Positives = 12/12 (100%), Gaps = 0/12 (0%)

Query  1    VLLDNQDDYELK  12
            VLLDNQDDYEL+
Sbjct  151  VLLDNQDDYELQ  162


>g5467.t1 unnamed protein product
Length=145

 Score = 22.3 bits (46),  Expect = 1.3, Method: Composition-based stats.
 Identities = 9/9 (100%), Positives = 9/9 (100%), Gaps = 0/9 (0%)

Query  1    VLLDNQDDY  9
            VLLDNQDDY
Sbjct  128  VLLDNQDDY  136


>g5641.t1 unnamed protein product
Length=192

 Score = 21.6 bits (44),  Expect = 3.0, Method: Composition-based stats.
 Identities = 8/11 (73%), Positives = 11/11 (100%), Gaps = 0/11 (0%)

Query  2    LLDNQDDYELK  12
            LLD+++DYELK
Sbjct  144  LLDDENDYELK  154



Lambda      K        H        a         alpha
   0.312    0.141    0.380    0.792     4.96 

Gapped
Lambda      K        H        a         alpha    sigma
   0.267   0.0410    0.140     1.90     42.6     43.6 

Effective search space used: 84182016


Query= pept_14_score_48

Length=9
                                                                      Score        E
Sequences producing significant alignments:                          (Bits)     Value

g5641.t1 unnamed protein product                                      21.6       2.0  
g15153.t1 unnamed protein product                                     21.6       2.1  


>g5641.t1 unnamed protein product
Length=192

 Score = 21.6 bits (44),  Expect = 2.0, Method: Composition-based stats.
 Identities = 9/9 (100%), Positives = 9/9 (100%), Gaps = 0/9 (0%)

Query  1   VFSALDVLR  9
           VFSALDVLR
Sbjct  25  VFSALDVLR  33


>g15153.t1 unnamed protein product
Length=177

 Score = 21.6 bits (44),  Expect = 2.1, Method: Composition-based stats.
 Identities = 9/9 (100%), Positives = 9/9 (100%), Gaps = 0/9 (0%)

Query  1   VFSALDVLR  9
           VFSALDVLR
Sbjct  25  VFSALDVLR  33



Lambda      K        H        a         alpha
   0.341    0.150    0.391    0.792     4.96 

Gapped
Lambda      K        H        a         alpha    sigma
   0.267   0.0410    0.140     1.90     42.6     43.6 

Effective search space used: 63136512


Query= pept_15_score_40

Length=10
                                                                      Score        E
Sequences producing significant alignments:                          (Bits)     Value

g15153.t1 unnamed protein product                                     24.6       0.19 
g12562.t1 unnamed protein product                                     22.7       0.95 
g5641.t1 unnamed protein product                                      22.3       1.1  
g5616.t1 unnamed protein product                                      21.9       1.4  
g5503.t1 unnamed protein product                                      20.4       5.4  
g5502.t1 unnamed protein product                                      20.0       6.6  


>g15153.t1 unnamed protein product
Length=177

 Score = 24.6 bits (52),  Expect = 0.19, Method: Composition-based stats.
 Identities = 10/10 (100%), Positives = 10/10 (100%), Gaps = 0/10 (0%)

Query  1   EIYANAQPGK  10
           EIYANAQPGK
Sbjct  45  EIYANAQPGK  54


>g12562.t1 unnamed protein product
Length=200

 Score = 22.7 bits (47),  Expect = 0.95, Method: Composition-based stats.
 Identities = 8/10 (80%), Positives = 10/10 (100%), Gaps = 0/10 (0%)

Query  1   EIYANAQPGK  10
           +IYANAQPG+
Sbjct  45  QIYANAQPGQ  54


>g5641.t1 unnamed protein product
Length=192

 Score = 22.3 bits (46),  Expect = 1.1, Method: Composition-based stats.
 Identities = 8/10 (80%), Positives = 10/10 (100%), Gaps = 0/10 (0%)

Query  1   EIYANAQPGK  10
           +IYANAQPG+
Sbjct  45  QIYANAQPGQ  54


>g5616.t1 unnamed protein product
Length=202

 Score = 21.9 bits (45),  Expect = 1.4, Method: Composition-based stats.
 Identities = 8/10 (80%), Positives = 10/10 (100%), Gaps = 0/10 (0%)

Query  1   EIYANAQPGK  10
           +IYANAQPG+
Sbjct  45  QIYANAQPGQ  54


>g5503.t1 unnamed protein product
Length=215

 Score = 20.4 bits (41),  Expect = 5.4, Method: Composition-based stats.
 Identities = 8/10 (80%), Positives = 9/10 (90%), Gaps = 0/10 (0%)

Query  1   EIYANAQPGK  10
           EIYA AQPG+
Sbjct  53  EIYAAAQPGQ  62


>g5502.t1 unnamed protein product
Length=244

 Score = 20.0 bits (40),  Expect = 6.6, Method: Composition-based stats.
 Identities = 8/10 (80%), Positives = 9/10 (90%), Gaps = 0/10 (0%)

Query  1   EIYANAQPGK  10
           EIYA AQPG+
Sbjct  53  EIYAAAQPGQ  62



Lambda      K        H        a         alpha
   0.304    0.127    0.362    0.792     4.96 

Gapped
Lambda      K        H        a         alpha    sigma
   0.267   0.0410    0.140     1.90     42.6     43.6 

Effective search space used: 70151680


Query= pept_16_score_40

Length=9
                                                                      Score        E
Sequences producing significant alignments:                          (Bits)     Value

g5510.t1 unnamed protein product                                      23.9       0.32 


>g5510.t1 unnamed protein product
Length=208

 Score = 23.9 bits (50),  Expect = 0.32, Method: Composition-based stats.
 Identities = 9/9 (100%), Positives = 9/9 (100%), Gaps = 0/9 (0%)

Query  1    QIMDNEGLR  9
            QIMDNEGLR
Sbjct  169  QIMDNEGLR  177



Lambda      K        H        a         alpha
   0.318    0.140    0.380    0.792     4.96 

Gapped
Lambda      K        H        a         alpha    sigma
   0.267   0.0410    0.140     1.90     42.6     43.6 

Effective search space used: 63136512


Query= pept_17_score_54

Length=12
                                                                      Score        E
Sequences producing significant alignments:                          (Bits)     Value

g12510.t1 unnamed protein product                                     25.0       0.16 


>g12510.t1 unnamed protein product
Length=513

 Score = 25.0 bits (53),  Expect = 0.16, Method: Compositional matrix adjust.
 Identities = 12/12 (100%), Positives = 12/12 (100%), Gaps = 0/12 (0%)

Query  1    SAPLSASPISAR  12
            SAPLSASPISAR
Sbjct  306  SAPLSASPISAR  317



Lambda      K        H        a         alpha
   0.301    0.110    0.281    0.792     4.96 

Gapped
Lambda      K        H        a         alpha    sigma
   0.267   0.0410    0.140     1.90     42.6     43.6 

Effective search space used: 84182016


Query= pept_18_score_46

Length=17


***** No hits found *****



Lambda      K        H        a         alpha
   0.250   0.0698    0.127    0.792     4.96 

Gapped
Lambda      K        H        a         alpha    sigma
   0.267   0.0410    0.140     1.90     42.6     43.6 

Effective search space used: 119257856


Query= pept_19_score_37

Length=13
                                                                      Score        E
Sequences producing significant alignments:                          (Bits)     Value

g5237.t1 unnamed protein product                                      29.6       0.004


>g5237.t1 unnamed protein product
Length=228

 Score = 29.6 bits (65),  Expect = 0.004, Method: Compositional matrix adjust.
 Identities = 13/13 (100%), Positives = 13/13 (100%), Gaps = 0/13 (0%)

Query  1    STVGQTPPQNLQR  13
            STVGQTPPQNLQR
Sbjct  91   STVGQTPPQNLQR  103



Lambda      K        H        a         alpha
   0.305    0.122    0.346    0.792     4.96 

Gapped
Lambda      K        H        a         alpha    sigma
   0.267   0.0410    0.140     1.90     42.6     43.6 

Effective search space used: 91197184


Query= pept_20_score_113

Length=18
                                                                      Score        E
Sequences producing significant alignments:                          (Bits)     Value

g12510.t1 unnamed protein product                                     41.6       3e-07
g11320.t1 unnamed protein product                                     21.6       4.1  
g8312.t1 unnamed protein product                                      21.2       5.6  


>g12510.t1 unnamed protein product
Length=513

 Score = 41.6 bits (96),  Expect = 3e-07, Method: Composition-based stats.
 Identities = 18/18 (100%), Positives = 18/18 (100%), Gaps = 0/18 (0%)

Query  1    APVNGIVTDANGNQIQVR  18
            APVNGIVTDANGNQIQVR
Sbjct  425  APVNGIVTDANGNQIQVR  442


>g11320.t1 unnamed protein product
Length=466

 Score = 21.6 bits (44),  Expect = 4.1, Method: Composition-based stats.
 Identities = 8/12 (67%), Positives = 9/12 (75%), Gaps = 0/12 (0%)

Query  4    NGIVTDANGNQI  15
            NG VTD NGN +
Sbjct  166  NGAVTDQNGNLV  177


>g8312.t1 unnamed protein product
Length=886

 Score = 21.2 bits (43),  Expect = 5.6, Method: Composition-based stats.
 Identities = 8/13 (62%), Positives = 8/13 (62%), Gaps = 0/13 (0%)

Query  1    APVNGIVTDANGN  13
             PVN I  D NGN
Sbjct  148  GPVNDISIDENGN  160



Lambda      K        H        a         alpha
   0.312    0.132    0.367    0.792     4.96 

Gapped
Lambda      K        H        a         alpha    sigma
   0.267   0.0410    0.140     1.90     42.6     43.6 

Effective search space used: 126273024


Query= pept_21_score_73

Length=22
                                                                      Score        E
Sequences producing significant alignments:                          (Bits)     Value

g12510.t1 unnamed protein product                                     48.5       1e-09
g5927.t1 unnamed protein product                                      22.3       2.4  
g8100.t1 unnamed protein product                                      20.8       9.9  


>g12510.t1 unnamed protein product
Length=513

 Score = 48.5 bits (114),  Expect = 1e-09, Method: Composition-based stats.
 Identities = 22/22 (100%), Positives = 22/22 (100%), Gaps = 0/22 (0%)

Query  1    TNAAGQLIGPGGIAINDAGLTR  22
            TNAAGQLIGPGGIAINDAGLTR
Sbjct  443  TNAAGQLIGPGGIAINDAGLTR  464


>g5927.t1 unnamed protein product
Length=874

 Score = 22.3 bits (46),  Expect = 2.4, Method: Composition-based stats.
 Identities = 9/16 (56%), Positives = 11/16 (69%), Gaps = 0/16 (0%)

Query  7    LIGPGGIAINDAGLTR  22
            +IGP G  + DA LTR
Sbjct  598  VIGPDGQPVEDAKLTR  613


>g8100.t1 unnamed protein product
Length=1313

 Score = 20.8 bits (42),  Expect = 9.9, Method: Composition-based stats.
 Identities = 9/16 (56%), Positives = 10/16 (63%), Gaps = 0/16 (0%)

Query  1    TNAAGQLIGPGGIAIN  16
            T AAGQL G G  + N
Sbjct  927  TQAAGQLSGSGSKSTN  942



Lambda      K        H        a         alpha
   0.314    0.138    0.398    0.792     4.96 

Gapped
Lambda      K        H        a         alpha    sigma
   0.267   0.0410    0.140     1.90     42.6     43.6 

Effective search space used: 154333696


Query= pept_22_score_61

Length=9
                                                                      Score        E
Sequences producing significant alignments:                          (Bits)     Value

g5641.t1 unnamed protein product                                      21.6       2.0  
g15153.t1 unnamed protein product                                     21.6       2.1  


>g5641.t1 unnamed protein product
Length=192

 Score = 21.6 bits (44),  Expect = 2.0, Method: Composition-based stats.
 Identities = 9/9 (100%), Positives = 9/9 (100%), Gaps = 0/9 (0%)

Query  1   VFSALDVLR  9
           VFSALDVLR
Sbjct  25  VFSALDVLR  33


>g15153.t1 unnamed protein product
Length=177

 Score = 21.6 bits (44),  Expect = 2.1, Method: Composition-based stats.
 Identities = 9/9 (100%), Positives = 9/9 (100%), Gaps = 0/9 (0%)

Query  1   VFSALDVLR  9
           VFSALDVLR
Sbjct  25  VFSALDVLR  33



Lambda      K        H        a         alpha
   0.341    0.150    0.391    0.792     4.96 

Gapped
Lambda      K        H        a         alpha    sigma
   0.267   0.0410    0.140     1.90     42.6     43.6 

Effective search space used: 63136512


Query= pept_23_score_43

Length=9
                                                                      Score        E
Sequences producing significant alignments:                          (Bits)     Value

g5641.t1 unnamed protein product                                      21.9       1.5  
g12562.t1 unnamed protein product                                     20.8       3.3  
g5616.t1 unnamed protein product                                      20.0       6.7  
g15153.t1 unnamed protein product                                     20.0       7.5  


>g5641.t1 unnamed protein product
Length=192

 Score = 21.9 bits (45),  Expect = 1.5, Method: Composition-based stats.
 Identities = 9/9 (100%), Positives = 9/9 (100%), Gaps = 0/9 (0%)

Query  1   SPLQTDEIR  9
           SPLQTDEIR
Sbjct  36  SPLQTDEIR  44


>g12562.t1 unnamed protein product
Length=200

 Score = 20.8 bits (42),  Expect = 3.3, Method: Composition-based stats.
 Identities = 8/9 (89%), Positives = 9/9 (100%), Gaps = 0/9 (0%)

Query  1   SPLQTDEIR  9
           SPLQTDEI+
Sbjct  36  SPLQTDEIQ  44


>g5616.t1 unnamed protein product
Length=202

 Score = 20.0 bits (40),  Expect = 6.7, Method: Composition-based stats.
 Identities = 8/9 (89%), Positives = 9/9 (100%), Gaps = 0/9 (0%)

Query  1   SPLQTDEIR  9
           SPLQTDEI+
Sbjct  36  SPLQTDEIQ  44


>g15153.t1 unnamed protein product
Length=177

 Score = 20.0 bits (40),  Expect = 7.5, Method: Composition-based stats.
 Identities = 7/9 (78%), Positives = 9/9 (100%), Gaps = 0/9 (0%)

Query  1   SPLQTDEIR  9
           +PLQTD+IR
Sbjct  36  TPLQTDQIR  44



Lambda      K        H        a         alpha
   0.308    0.129    0.344    0.792     4.96 

Gapped
Lambda      K        H        a         alpha    sigma
   0.267   0.0410    0.140     1.90     42.6     43.6 

Effective search space used: 63136512


Query= pept_24_score_44

Length=9
                                                                      Score        E
Sequences producing significant alignments:                          (Bits)     Value

g12562.t1 unnamed protein product                                     22.3       1.00 
g5502.t1 unnamed protein product                                      22.3       1.0  
g5641.t1 unnamed protein product                                      22.3       1.2  
g5503.t1 unnamed protein product                                      22.3       1.2  
g1285.t1 unnamed protein product                                      22.3       1.2  
g15153.t1 unnamed protein product                                     22.3       1.3  
g5616.t1 unnamed protein product                                      21.6       2.3  
g12388.t1 unnamed protein product                                     20.4       4.9  
g5467.t1 unnamed protein product                                      20.4       5.3  


>g12562.t1 unnamed protein product
Length=200

 Score = 22.3 bits (46),  Expect = 1.00, Method: Compositional matrix adjust.
 Identities = 9/9 (100%), Positives = 9/9 (100%), Gaps = 0/9 (0%)

Query  1    QFQDYSNSR  9
            QFQDYSNSR
Sbjct  128  QFQDYSNSR  136


>g5502.t1 unnamed protein product
Length=244

 Score = 22.3 bits (46),  Expect = 1.0, Method: Compositional matrix adjust.
 Identities = 9/9 (100%), Positives = 9/9 (100%), Gaps = 0/9 (0%)

Query  1    QFQDYSNSR  9
            QFQDYSNSR
Sbjct  136  QFQDYSNSR  144


>g5641.t1 unnamed protein product
Length=192

 Score = 22.3 bits (46),  Expect = 1.2, Method: Compositional matrix adjust.
 Identities = 9/9 (100%), Positives = 9/9 (100%), Gaps = 0/9 (0%)

Query  1    QFQDYSNSR  9
            QFQDYSNSR
Sbjct  128  QFQDYSNSR  136


>g5503.t1 unnamed protein product
Length=215

 Score = 22.3 bits (46),  Expect = 1.2, Method: Compositional matrix adjust.
 Identities = 9/9 (100%), Positives = 9/9 (100%), Gaps = 0/9 (0%)

Query  1    QFQDYSNSR  9
            QFQDYSNSR
Sbjct  136  QFQDYSNSR  144


>g1285.t1 unnamed protein product
Length=193

 Score = 22.3 bits (46),  Expect = 1.2, Method: Compositional matrix adjust.
 Identities = 9/9 (100%), Positives = 9/9 (100%), Gaps = 0/9 (0%)

Query  1    QFQDYSNSR  9
            QFQDYSNSR
Sbjct  138  QFQDYSNSR  146


>g15153.t1 unnamed protein product
Length=177

 Score = 22.3 bits (46),  Expect = 1.3, Method: Compositional matrix adjust.
 Identities = 9/9 (100%), Positives = 9/9 (100%), Gaps = 0/9 (0%)

Query  1    QFQDYSNSR  9
            QFQDYSNSR
Sbjct  128  QFQDYSNSR  136


>g5616.t1 unnamed protein product
Length=202

 Score = 21.6 bits (44),  Expect = 2.3, Method: Compositional matrix adjust.
 Identities = 8/9 (89%), Positives = 9/9 (100%), Gaps = 0/9 (0%)

Query  1    QFQDYSNSR  9
            QFQDY+NSR
Sbjct  128  QFQDYANSR  136


>g12388.t1 unnamed protein product
Length=165

 Score = 20.4 bits (41),  Expect = 4.9, Method: Compositional matrix adjust.
 Identities = 8/9 (89%), Positives = 9/9 (100%), Gaps = 0/9 (0%)

Query  1    QFQDYSNSR  9
            QFQD+SNSR
Sbjct  136  QFQDHSNSR  144


>g5467.t1 unnamed protein product
Length=145

 Score = 20.4 bits (41),  Expect = 5.3, Method: Compositional matrix adjust.
 Identities = 8/9 (89%), Positives = 8/9 (89%), Gaps = 0/9 (0%)

Query  1    QFQDYSNSR  9
            QF DYSNSR
Sbjct  113  QFHDYSNSR  121



Lambda      K        H        a         alpha
   0.313    0.122    0.339    0.792     4.96 

Gapped
Lambda      K        H        a         alpha    sigma
   0.267   0.0410    0.140     1.90     42.6     43.6 

Effective search space used: 63136512


Query= pept_25_score_39

Length=13
                                                                      Score        E
Sequences producing significant alignments:                          (Bits)     Value

g5641.t1 unnamed protein product                                      24.6       0.26 


>g5641.t1 unnamed protein product
Length=192

 Score = 24.6 bits (52),  Expect = 0.26, Method: Composition-based stats.
 Identities = 13/13 (100%), Positives = 13/13 (100%), Gaps = 0/13 (0%)

Query  1    AATGAVLSSADSR  13
            AATGAVLSSADSR
Sbjct  155  AATGAVLSSADSR  167



Lambda      K        H        a         alpha
   0.300    0.107    0.251    0.792     4.96 

Gapped
Lambda      K        H        a         alpha    sigma
   0.267   0.0410    0.140     1.90     42.6     43.6 

Effective search space used: 91197184


Query= pept_26_score_61

Length=9
                                                                      Score        E
Sequences producing significant alignments:                          (Bits)     Value

g5641.t1 unnamed protein product                                      21.6       2.0  
g15153.t1 unnamed protein product                                     21.6       2.1  


>g5641.t1 unnamed protein product
Length=192

 Score = 21.6 bits (44),  Expect = 2.0, Method: Composition-based stats.
 Identities = 9/9 (100%), Positives = 9/9 (100%), Gaps = 0/9 (0%)

Query  1   VFSALDVLR  9
           VFSALDVLR
Sbjct  25  VFSALDVLR  33


>g15153.t1 unnamed protein product
Length=177

 Score = 21.6 bits (44),  Expect = 2.1, Method: Composition-based stats.
 Identities = 9/9 (100%), Positives = 9/9 (100%), Gaps = 0/9 (0%)

Query  1   VFSALDVLR  9
           VFSALDVLR
Sbjct  25  VFSALDVLR  33



Lambda      K        H        a         alpha
   0.341    0.150    0.391    0.792     4.96 

Gapped
Lambda      K        H        a         alpha    sigma
   0.267   0.0410    0.140     1.90     42.6     43.6 

Effective search space used: 63136512


Query= pept_27_score_49

Length=10
                                                                      Score        E
Sequences producing significant alignments:                          (Bits)     Value

g15153.t1 unnamed protein product                                     24.6       0.19 
g12562.t1 unnamed protein product                                     22.7       0.95 
g5641.t1 unnamed protein product                                      22.3       1.1  
g5616.t1 unnamed protein product                                      21.9       1.4  
g5503.t1 unnamed protein product                                      20.4       5.4  
g5502.t1 unnamed protein product                                      20.0       6.6  


>g15153.t1 unnamed protein product
Length=177

 Score = 24.6 bits (52),  Expect = 0.19, Method: Composition-based stats.
 Identities = 10/10 (100%), Positives = 10/10 (100%), Gaps = 0/10 (0%)

Query  1   EIYANAQPGK  10
           EIYANAQPGK
Sbjct  45  EIYANAQPGK  54


>g12562.t1 unnamed protein product
Length=200

 Score = 22.7 bits (47),  Expect = 0.95, Method: Composition-based stats.
 Identities = 8/10 (80%), Positives = 10/10 (100%), Gaps = 0/10 (0%)

Query  1   EIYANAQPGK  10
           +IYANAQPG+
Sbjct  45  QIYANAQPGQ  54


>g5641.t1 unnamed protein product
Length=192

 Score = 22.3 bits (46),  Expect = 1.1, Method: Composition-based stats.
 Identities = 8/10 (80%), Positives = 10/10 (100%), Gaps = 0/10 (0%)

Query  1   EIYANAQPGK  10
           +IYANAQPG+
Sbjct  45  QIYANAQPGQ  54


>g5616.t1 unnamed protein product
Length=202

 Score = 21.9 bits (45),  Expect = 1.4, Method: Composition-based stats.
 Identities = 8/10 (80%), Positives = 10/10 (100%), Gaps = 0/10 (0%)

Query  1   EIYANAQPGK  10
           +IYANAQPG+
Sbjct  45  QIYANAQPGQ  54


>g5503.t1 unnamed protein product
Length=215

 Score = 20.4 bits (41),  Expect = 5.4, Method: Composition-based stats.
 Identities = 8/10 (80%), Positives = 9/10 (90%), Gaps = 0/10 (0%)

Query  1   EIYANAQPGK  10
           EIYA AQPG+
Sbjct  53  EIYAAAQPGQ  62


>g5502.t1 unnamed protein product
Length=244

 Score = 20.0 bits (40),  Expect = 6.6, Method: Composition-based stats.
 Identities = 8/10 (80%), Positives = 9/10 (90%), Gaps = 0/10 (0%)

Query  1   EIYANAQPGK  10
           EIYA AQPG+
Sbjct  53  EIYAAAQPGQ  62



Lambda      K        H        a         alpha
   0.304    0.127    0.362    0.792     4.96 

Gapped
Lambda      K        H        a         alpha    sigma
   0.267   0.0410    0.140     1.90     42.6     43.6 

Effective search space used: 70151680


Query= pept_28_score_44

Length=9
                                                                      Score        E
Sequences producing significant alignments:                          (Bits)     Value

g12562.t1 unnamed protein product                                     22.3       1.00 
g5502.t1 unnamed protein product                                      22.3       1.0  
g5641.t1 unnamed protein product                                      22.3       1.2  
g5503.t1 unnamed protein product                                      22.3       1.2  
g1285.t1 unnamed protein product                                      22.3       1.2  
g15153.t1 unnamed protein product                                     22.3       1.3  
g5616.t1 unnamed protein product                                      21.6       2.3  
g12388.t1 unnamed protein product                                     20.4       4.9  
g5467.t1 unnamed protein product                                      20.4       5.3  


>g12562.t1 unnamed protein product
Length=200

 Score = 22.3 bits (46),  Expect = 1.00, Method: Compositional matrix adjust.
 Identities = 9/9 (100%), Positives = 9/9 (100%), Gaps = 0/9 (0%)

Query  1    QFQDYSNSR  9
            QFQDYSNSR
Sbjct  128  QFQDYSNSR  136


>g5502.t1 unnamed protein product
Length=244

 Score = 22.3 bits (46),  Expect = 1.0, Method: Compositional matrix adjust.
 Identities = 9/9 (100%), Positives = 9/9 (100%), Gaps = 0/9 (0%)

Query  1    QFQDYSNSR  9
            QFQDYSNSR
Sbjct  136  QFQDYSNSR  144


>g5641.t1 unnamed protein product
Length=192

 Score = 22.3 bits (46),  Expect = 1.2, Method: Compositional matrix adjust.
 Identities = 9/9 (100%), Positives = 9/9 (100%), Gaps = 0/9 (0%)

Query  1    QFQDYSNSR  9
            QFQDYSNSR
Sbjct  128  QFQDYSNSR  136


>g5503.t1 unnamed protein product
Length=215

 Score = 22.3 bits (46),  Expect = 1.2, Method: Compositional matrix adjust.
 Identities = 9/9 (100%), Positives = 9/9 (100%), Gaps = 0/9 (0%)

Query  1    QFQDYSNSR  9
            QFQDYSNSR
Sbjct  136  QFQDYSNSR  144


>g1285.t1 unnamed protein product
Length=193

 Score = 22.3 bits (46),  Expect = 1.2, Method: Compositional matrix adjust.
 Identities = 9/9 (100%), Positives = 9/9 (100%), Gaps = 0/9 (0%)

Query  1    QFQDYSNSR  9
            QFQDYSNSR
Sbjct  138  QFQDYSNSR  146


>g15153.t1 unnamed protein product
Length=177

 Score = 22.3 bits (46),  Expect = 1.3, Method: Compositional matrix adjust.
 Identities = 9/9 (100%), Positives = 9/9 (100%), Gaps = 0/9 (0%)

Query  1    QFQDYSNSR  9
            QFQDYSNSR
Sbjct  128  QFQDYSNSR  136


>g5616.t1 unnamed protein product
Length=202

 Score = 21.6 bits (44),  Expect = 2.3, Method: Compositional matrix adjust.
 Identities = 8/9 (89%), Positives = 9/9 (100%), Gaps = 0/9 (0%)

Query  1    QFQDYSNSR  9
            QFQDY+NSR
Sbjct  128  QFQDYANSR  136


>g12388.t1 unnamed protein product
Length=165

 Score = 20.4 bits (41),  Expect = 4.9, Method: Compositional matrix adjust.
 Identities = 8/9 (89%), Positives = 9/9 (100%), Gaps = 0/9 (0%)

Query  1    QFQDYSNSR  9
            QFQD+SNSR
Sbjct  136  QFQDHSNSR  144


>g5467.t1 unnamed protein product
Length=145

 Score = 20.4 bits (41),  Expect = 5.3, Method: Compositional matrix adjust.
 Identities = 8/9 (89%), Positives = 8/9 (89%), Gaps = 0/9 (0%)

Query  1    QFQDYSNSR  9
            QF DYSNSR
Sbjct  113  QFHDYSNSR  121



Lambda      K        H        a         alpha
   0.313    0.122    0.339    0.792     4.96 

Gapped
Lambda      K        H        a         alpha    sigma
   0.267   0.0410    0.140     1.90     42.6     43.6 

Effective search space used: 63136512


Query= pept_29_score_95

Length=18
                                                                      Score        E
Sequences producing significant alignments:                          (Bits)     Value

g4106.t1 unnamed protein product                                      39.3       2e-06
g7861.t1 unnamed protein product                                      23.5       0.65 
g4970.t1 unnamed protein product                                      20.4       8.8  


>g4106.t1 unnamed protein product
Length=642

 Score = 39.3 bits (90),  Expect = 2e-06, Method: Compositional matrix adjust.
 Identities = 18/18 (100%), Positives = 18/18 (100%), Gaps = 0/18 (0%)

Query  1    NIPVGGVNTEATGDNYIR  18
            NIPVGGVNTEATGDNYIR
Sbjct  222  NIPVGGVNTEATGDNYIR  239


>g7861.t1 unnamed protein product
Length=619

 Score = 23.5 bits (49),  Expect = 0.65, Method: Composition-based stats.
 Identities = 10/16 (63%), Positives = 11/16 (69%), Gaps = 0/16 (0%)

Query  1   NIPVGGVNTEATGDNY  16
           NIP GGV+T    DNY
Sbjct  64  NIPNGGVHTPNPFDNY  79


>g4970.t1 unnamed protein product
Length=901

 Score = 20.4 bits (41),  Expect = 8.8, Method: Composition-based stats.
 Identities = 8/14 (57%), Positives = 9/14 (64%), Gaps = 0/14 (0%)

Query  5    GGVNTEATGDNYIR  18
            G VNT+ T  NY R
Sbjct  134  GNVNTQPTAMNYYR  147



Lambda      K        H        a         alpha
   0.310    0.137    0.402    0.792     4.96 

Gapped
Lambda      K        H        a         alpha    sigma
   0.267   0.0410    0.140     1.90     42.6     43.6 

Effective search space used: 126273024


Query= pept_30_score_65

Length=12
                                                                      Score        E
Sequences producing significant alignments:                          (Bits)     Value

g5616.t1 unnamed protein product                                      23.9       0.42 


>g5616.t1 unnamed protein product
Length=202

 Score = 23.9 bits (50),  Expect = 0.42, Method: Compositional matrix adjust.
 Identities = 12/12 (100%), Positives = 12/12 (100%), Gaps = 0/12 (0%)

Query  1    AATGAVQSSASK  12
            AATGAVQSSASK
Sbjct  155  AATGAVQSSASK  166



Lambda      K        H        a         alpha
   0.284   0.0912    0.199    0.792     4.96 

Gapped
Lambda      K        H        a         alpha    sigma
   0.267   0.0410    0.140     1.90     42.6     43.6 

Effective search space used: 84182016


Query= pept_31_score_51

Length=12
                                                                      Score        E
Sequences producing significant alignments:                          (Bits)     Value

g5616.t1 unnamed protein product                                      27.3       0.026
g12562.t1 unnamed protein product                                     26.6       0.052
g5443.t1 unnamed protein product                                      25.8       0.094
g5502.t1 unnamed protein product                                      25.0       0.14 
g15153.t1 unnamed protein product                                     24.6       0.21 
g5503.t1 unnamed protein product                                      24.3       0.28 
g5467.t1 unnamed protein product                                      22.3       1.3  
g5641.t1 unnamed protein product                                      21.6       3.0  


>g5616.t1 unnamed protein product
Length=202

 Score = 27.3 bits (59),  Expect = 0.026, Method: Composition-based stats.
 Identities = 12/12 (100%), Positives = 12/12 (100%), Gaps = 0/12 (0%)

Query  1    VLLDNQDDYELK  12
            VLLDNQDDYELK
Sbjct  143  VLLDNQDDYELK  154


>g12562.t1 unnamed protein product
Length=200

 Score = 26.6 bits (57),  Expect = 0.052, Method: Composition-based stats.
 Identities = 11/11 (100%), Positives = 11/11 (100%), Gaps = 0/11 (0%)

Query  2    LLDNQDDYELK  12
            LLDNQDDYELK
Sbjct  144  LLDNQDDYELK  154


>g5443.t1 unnamed protein product
Length=120

 Score = 25.8 bits (55),  Expect = 0.094, Method: Compositional matrix adjust.
 Identities = 11/12 (92%), Positives = 12/12 (100%), Gaps = 0/12 (0%)

Query  1   VLLDNQDDYELK  12
           VLLDNQDDYEL+
Sbjct  56  VLLDNQDDYELQ  67


>g5502.t1 unnamed protein product
Length=244

 Score = 25.0 bits (53),  Expect = 0.14, Method: Composition-based stats.
 Identities = 11/12 (92%), Positives = 12/12 (100%), Gaps = 0/12 (0%)

Query  1    VLLDNQDDYELK  12
            VLLDNQDDYEL+
Sbjct  151  VLLDNQDDYELQ  162


>g15153.t1 unnamed protein product
Length=177

 Score = 24.6 bits (52),  Expect = 0.21, Method: Composition-based stats.
 Identities = 10/11 (91%), Positives = 11/11 (100%), Gaps = 0/11 (0%)

Query  2    LLDNQDDYELK  12
            LLDNQDDYEL+
Sbjct  144  LLDNQDDYELQ  154


>g5503.t1 unnamed protein product
Length=215

 Score = 24.3 bits (51),  Expect = 0.28, Method: Composition-based stats.
 Identities = 11/12 (92%), Positives = 12/12 (100%), Gaps = 0/12 (0%)

Query  1    VLLDNQDDYELK  12
            VLLDNQDDYEL+
Sbjct  151  VLLDNQDDYELQ  162


>g5467.t1 unnamed protein product
Length=145

 Score = 22.3 bits (46),  Expect = 1.3, Method: Composition-based stats.
 Identities = 9/9 (100%), Positives = 9/9 (100%), Gaps = 0/9 (0%)

Query  1    VLLDNQDDY  9
            VLLDNQDDY
Sbjct  128  VLLDNQDDY  136


>g5641.t1 unnamed protein product
Length=192

 Score = 21.6 bits (44),  Expect = 3.0, Method: Composition-based stats.
 Identities = 8/11 (73%), Positives = 11/11 (100%), Gaps = 0/11 (0%)

Query  2    LLDNQDDYELK  12
            LLD+++DYELK
Sbjct  144  LLDDENDYELK  154



Lambda      K        H        a         alpha
   0.312    0.141    0.380    0.792     4.96 

Gapped
Lambda      K        H        a         alpha    sigma
   0.267   0.0410    0.140     1.90     42.6     43.6 

Effective search space used: 84182016


Query= pept_32_score_42

Length=10
                                                                      Score        E
Sequences producing significant alignments:                          (Bits)     Value

g15484.t1 unnamed protein product                                     23.5       0.46 


>g15484.t1 unnamed protein product
Length=903

 Score = 23.5 bits (49),  Expect = 0.46, Method: Compositional matrix adjust.
 Identities = 10/10 (100%), Positives = 10/10 (100%), Gaps = 0/10 (0%)

Query  1    SGEQAMVDAK  10
            SGEQAMVDAK
Sbjct  831  SGEQAMVDAK  840



Lambda      K        H        a         alpha
   0.298    0.112    0.271    0.792     4.96 

Gapped
Lambda      K        H        a         alpha    sigma
   0.267   0.0410    0.140     1.90     42.6     43.6 

Effective search space used: 70151680


Query= pept_33_score_43

Length=12
                                                                      Score        E
Sequences producing significant alignments:                          (Bits)     Value

g15484.t1 unnamed protein product                                     24.3       0.31 


>g15484.t1 unnamed protein product
Length=903

 Score = 24.3 bits (51),  Expect = 0.31, Method: Compositional matrix adjust.
 Identities = 12/12 (100%), Positives = 12/12 (100%), Gaps = 0/12 (0%)

Query  1    SSTTTSTMNAAK  12
            SSTTTSTMNAAK
Sbjct  791  SSTTTSTMNAAK  802



Lambda      K        H        a         alpha
   0.276   0.0803    0.173    0.792     4.96 

Gapped
Lambda      K        H        a         alpha    sigma
   0.267   0.0410    0.140     1.90     42.6     43.6 

Effective search space used: 84182016


Query= pept_34_score_54

Length=18
                                                                      Score        E
Sequences producing significant alignments:                          (Bits)     Value

g15484.t1 unnamed protein product                                     37.4       1e-05
g11960.t1 unnamed protein product                                     21.6       3.5  


>g15484.t1 unnamed protein product
Length=903

 Score = 37.4 bits (85),  Expect = 1e-05, Method: Composition-based stats.
 Identities = 18/18 (100%), Positives = 18/18 (100%), Gaps = 0/18 (0%)

Query  1    TTTTTGTTGTSGTTMPPK  18
            TTTTTGTTGTSGTTMPPK
Sbjct  755  TTTTTGTTGTSGTTMPPK  772


>g11960.t1 unnamed protein product
Length=981

 Score = 21.6 bits (44),  Expect = 3.5, Method: Composition-based stats.
 Identities = 7/13 (54%), Positives = 12/13 (92%), Gaps = 0/13 (0%)

Query  4    TTGTTGTSGTTMP  16
            +TG+TG +GT++P
Sbjct  556  STGSTGEAGTSLP  568



Lambda      K        H        a         alpha
   0.294    0.110    0.309    0.792     4.96 

Gapped
Lambda      K        H        a         alpha    sigma
   0.267   0.0410    0.140     1.90     42.6     43.6 

Effective search space used: 126273024


Query= pept_35_score_38

Length=11
                                                                      Score        E
Sequences producing significant alignments:                          (Bits)     Value

g702.t1 unnamed protein product                                       23.5       0.47 


>g702.t1 unnamed protein product
Length=215

 Score = 23.5 bits (49),  Expect = 0.47, Method: Compositional matrix adjust.
 Identities = 11/11 (100%), Positives = 11/11 (100%), Gaps = 0/11 (0%)

Query  1    VVEQTGASSSR  11
            VVEQTGASSSR
Sbjct  158  VVEQTGASSSR  168



Lambda      K        H        a         alpha
   0.292    0.104    0.236    0.792     4.96 

Gapped
Lambda      K        H        a         alpha    sigma
   0.267   0.0410    0.140     1.90     42.6     43.6 

Effective search space used: 77166848


Query= pept_36_score_65

Length=17


***** No hits found *****



Lambda      K        H        a         alpha
   0.250   0.0698    0.127    0.792     4.96 

Gapped
Lambda      K        H        a         alpha    sigma
   0.267   0.0410    0.140     1.90     42.6     43.6 

Effective search space used: 119257856


Query= pept_37_score_41

Length=10
                                                                      Score        E
Sequences producing significant alignments:                          (Bits)     Value

g10514.t1 unnamed protein product                                     22.7       0.97 
g2203.t1 unnamed protein product                                      19.6       8.4  


>g10514.t1 unnamed protein product
Length=286

 Score = 22.7 bits (47),  Expect = 0.97, Method: Compositional matrix adjust.
 Identities = 10/10 (100%), Positives = 10/10 (100%), Gaps = 0/10 (0%)

Query  1    NTSFNTTGDR  10
            NTSFNTTGDR
Sbjct  221  NTSFNTTGDR  230


>g2203.t1 unnamed protein product
Length=845

 Score = 19.6 bits (39),  Expect = 8.4, Method: Composition-based stats.
 Identities = 7/9 (78%), Positives = 9/9 (100%), Gaps = 0/9 (0%)

Query  1    NTSFNTTGD  9
            +TSFN+TGD
Sbjct  359  HTSFNSTGD  367



Lambda      K        H        a         alpha
   0.305    0.120    0.341    0.792     4.96 

Gapped
Lambda      K        H        a         alpha    sigma
   0.267   0.0410    0.140     1.90     42.6     43.6 

Effective search space used: 70151680


Query= pept_38_score_51

Length=11
                                                                      Score        E
Sequences producing significant alignments:                          (Bits)     Value

g10514.t1 unnamed protein product                                     23.1       0.60 


>g10514.t1 unnamed protein product
Length=286

 Score = 23.1 bits (48),  Expect = 0.60, Method: Compositional matrix adjust.
 Identities = 11/11 (100%), Positives = 11/11 (100%), Gaps = 0/11 (0%)

Query  1   GYSYTNTTTYR  11
           GYSYTNTTTYR
Sbjct  42  GYSYTNTTTYR  52



Lambda      K        H        a         alpha
   0.309    0.122    0.365    0.792     4.96 

Gapped
Lambda      K        H        a         alpha    sigma
   0.267   0.0410    0.140     1.90     42.6     43.6 

Effective search space used: 77166848


Query= pept_39_score_45

Length=10
                                                                      Score        E
Sequences producing significant alignments:                          (Bits)     Value

g12562.t1 unnamed protein product                                     22.7       0.82 


>g12562.t1 unnamed protein product
Length=200

 Score = 22.7 bits (47),  Expect = 0.82, Method: Composition-based stats.
 Identities = 10/10 (100%), Positives = 10/10 (100%), Gaps = 0/10 (0%)

Query  1    AVTGAVAGVK  10
            AVTGAVAGVK
Sbjct  161  AVTGAVAGVK  170



Lambda      K        H        a         alpha
   0.311    0.125    0.322    0.792     4.96 

Gapped
Lambda      K        H        a         alpha    sigma
   0.267   0.0410    0.140     1.90     42.6     43.6 

Effective search space used: 70151680


Query= pept_40_score_44

Length=9
                                                                      Score        E
Sequences producing significant alignments:                          (Bits)     Value

g12562.t1 unnamed protein product                                     22.3       1.00 
g5502.t1 unnamed protein product                                      22.3       1.0  
g5641.t1 unnamed protein product                                      22.3       1.2  
g5503.t1 unnamed protein product                                      22.3       1.2  
g1285.t1 unnamed protein product                                      22.3       1.2  
g15153.t1 unnamed protein product                                     22.3       1.3  
g5616.t1 unnamed protein product                                      21.6       2.3  
g12388.t1 unnamed protein product                                     20.4       4.9  
g5467.t1 unnamed protein product                                      20.4       5.3  


>g12562.t1 unnamed protein product
Length=200

 Score = 22.3 bits (46),  Expect = 1.00, Method: Compositional matrix adjust.
 Identities = 9/9 (100%), Positives = 9/9 (100%), Gaps = 0/9 (0%)

Query  1    QFQDYSNSR  9
            QFQDYSNSR
Sbjct  128  QFQDYSNSR  136


>g5502.t1 unnamed protein product
Length=244

 Score = 22.3 bits (46),  Expect = 1.0, Method: Compositional matrix adjust.
 Identities = 9/9 (100%), Positives = 9/9 (100%), Gaps = 0/9 (0%)

Query  1    QFQDYSNSR  9
            QFQDYSNSR
Sbjct  136  QFQDYSNSR  144


>g5641.t1 unnamed protein product
Length=192

 Score = 22.3 bits (46),  Expect = 1.2, Method: Compositional matrix adjust.
 Identities = 9/9 (100%), Positives = 9/9 (100%), Gaps = 0/9 (0%)

Query  1    QFQDYSNSR  9
            QFQDYSNSR
Sbjct  128  QFQDYSNSR  136


>g5503.t1 unnamed protein product
Length=215

 Score = 22.3 bits (46),  Expect = 1.2, Method: Compositional matrix adjust.
 Identities = 9/9 (100%), Positives = 9/9 (100%), Gaps = 0/9 (0%)

Query  1    QFQDYSNSR  9
            QFQDYSNSR
Sbjct  136  QFQDYSNSR  144


>g1285.t1 unnamed protein product
Length=193

 Score = 22.3 bits (46),  Expect = 1.2, Method: Compositional matrix adjust.
 Identities = 9/9 (100%), Positives = 9/9 (100%), Gaps = 0/9 (0%)

Query  1    QFQDYSNSR  9
            QFQDYSNSR
Sbjct  138  QFQDYSNSR  146


>g15153.t1 unnamed protein product
Length=177

 Score = 22.3 bits (46),  Expect = 1.3, Method: Compositional matrix adjust.
 Identities = 9/9 (100%), Positives = 9/9 (100%), Gaps = 0/9 (0%)

Query  1    QFQDYSNSR  9
            QFQDYSNSR
Sbjct  128  QFQDYSNSR  136


>g5616.t1 unnamed protein product
Length=202

 Score = 21.6 bits (44),  Expect = 2.3, Method: Compositional matrix adjust.
 Identities = 8/9 (89%), Positives = 9/9 (100%), Gaps = 0/9 (0%)

Query  1    QFQDYSNSR  9
            QFQDY+NSR
Sbjct  128  QFQDYANSR  136


>g12388.t1 unnamed protein product
Length=165

 Score = 20.4 bits (41),  Expect = 4.9, Method: Compositional matrix adjust.
 Identities = 8/9 (89%), Positives = 9/9 (100%), Gaps = 0/9 (0%)

Query  1    QFQDYSNSR  9
            QFQD+SNSR
Sbjct  136  QFQDHSNSR  144


>g5467.t1 unnamed protein product
Length=145

 Score = 20.4 bits (41),  Expect = 5.3, Method: Compositional matrix adjust.
 Identities = 8/9 (89%), Positives = 8/9 (89%), Gaps = 0/9 (0%)

Query  1    QFQDYSNSR  9
            QF DYSNSR
Sbjct  113  QFHDYSNSR  121



Lambda      K        H        a         alpha
   0.313    0.122    0.339    0.792     4.96 

Gapped
Lambda      K        H        a         alpha    sigma
   0.267   0.0410    0.140     1.90     42.6     43.6 

Effective search space used: 63136512


Query= pept_41_score_49

Length=11
                                                                      Score        E
Sequences producing significant alignments:                          (Bits)     Value

g3428.t1 unnamed protein product                                      26.2       0.055
g11513.t1 unnamed protein product                                     20.0       8.3  


>g3428.t1 unnamed protein product
Length=171

 Score = 26.2 bits (56),  Expect = 0.055, Method: Compositional matrix adjust.
 Identities = 11/11 (100%), Positives = 11/11 (100%), Gaps = 0/11 (0%)

Query  1    GPEDEAGGPPK  11
            GPEDEAGGPPK
Sbjct  160  GPEDEAGGPPK  170


>g11513.t1 unnamed protein product
Length=1099

 Score = 20.0 bits (40),  Expect = 8.3, Method: Composition-based stats.
 Identities = 7/8 (88%), Positives = 7/8 (88%), Gaps = 0/8 (0%)

Query  2    PEDEAGGP  9
            PED AGGP
Sbjct  872  PEDPAGGP  879



Lambda      K        H        a         alpha
   0.296    0.142    0.448    0.792     4.96 

Gapped
Lambda      K        H        a         alpha    sigma
   0.267   0.0410    0.140     1.90     42.6     43.6 

Effective search space used: 77166848


Query= pept_42_score_45

Length=12
                                                                      Score        E
Sequences producing significant alignments:                          (Bits)     Value

g3679.t1 unnamed protein product                                      26.6       0.046


>g3679.t1 unnamed protein product
Length=285

 Score = 26.6 bits (57),  Expect = 0.046, Method: Compositional matrix adjust.
 Identities = 12/12 (100%), Positives = 12/12 (100%), Gaps = 0/12 (0%)

Query  1   SSGGNSPDVVVR  12
           SSGGNSPDVVVR
Sbjct  21  SSGGNSPDVVVR  32



Lambda      K        H        a         alpha
   0.302    0.127    0.349    0.792     4.96 

Gapped
Lambda      K        H        a         alpha    sigma
   0.267   0.0410    0.140     1.90     42.6     43.6 

Effective search space used: 84182016


Query= pept_43_score_42

Length=13
                                                                      Score        E
Sequences producing significant alignments:                          (Bits)     Value

g5237.t1 unnamed protein product                                      29.6       0.004


>g5237.t1 unnamed protein product
Length=228

 Score = 29.6 bits (65),  Expect = 0.004, Method: Compositional matrix adjust.
 Identities = 13/13 (100%), Positives = 13/13 (100%), Gaps = 0/13 (0%)

Query  1    STVGQTPPQNLQR  13
            STVGQTPPQNLQR
Sbjct  91   STVGQTPPQNLQR  103



Lambda      K        H        a         alpha
   0.305    0.122    0.346    0.792     4.96 

Gapped
Lambda      K        H        a         alpha    sigma
   0.267   0.0410    0.140     1.90     42.6     43.6 

Effective search space used: 91197184


  Database: Tardigrades proteins
    Posted date:  Feb 27, 2020  3:07 PM
  Number of letters in database: 7,015,168
  Number of sequences in database:  16,435



Matrix: BLOSUM62
Gap Penalties: Existence: 11, Extension: 1
Neighboring words threshold: 11
Window for multiple hits: 40
